<?xml version="1.0" encoding="UTF-8"?>
<!-- Generated by org.testng.reporters.JUnitReportReporter -->
<testsuite hostname="LAPTOP-8SEKENFG" failures="0" tests="3" name="readdata.CreateContact_DpTest" time="0.008" errors="0" timestamp="2024-11-25T16:22:21 IST" skipped="0">
  <testcase classname="readdata.CreateContact_DpTest" name="createContactTest" time="0.006"/>
  <testcase classname="readdata.CreateContact_DpTest" name="createContactTest" time="0.001"/>
  <testcase classname="readdata.CreateContact_DpTest" name="createContactTest" time="0.001"/>
</testsuite> <!-- readdata.CreateContact_DpTest -->
