<?xml version="1.0" encoding="UTF-8"?>
<!-- Generated by org.testng.reporters.JUnitReportReporter -->
<testsuite hostname="LAPTOP-8SEKENFG" failures="0" tests="2" name="com.crm.comcast.orgtest.CreateOrgTest" time="0.007" errors="0" timestamp="2024-11-26T15:41:49 IST" skipped="0">
  <testcase classname="com.crm.comcast.orgtest.CreateOrgTest" name="createOrgTest" time="0.004"/>
  <testcase classname="com.crm.comcast.orgtest.CreateOrgTest" name="createOrgWithIndustry" time="0.003"/>
</testsuite> <!-- com.crm.comcast.orgtest.CreateOrgTest -->
