<?xml version="1.0" encoding="UTF-8"?>
<!-- Generated by org.testng.reporters.JUnitReportReporter -->
<testsuite hostname="LAPTOP-8SEKENFG" failures="0" tests="3" name="readdata.CreateContactWithPn" time="0.011" errors="0" timestamp="2024-11-25T17:02:05 IST" skipped="0">
  <testcase classname="readdata.CreateContactWithPn" name="createContact" time="0.009"/>
  <testcase classname="readdata.CreateContactWithPn" name="createContact" time="0.001"/>
  <testcase classname="readdata.CreateContactWithPn" name="createContact" time="0.001"/>
</testsuite> <!-- readdata.CreateContactWithPn -->
