<?xml version="1.0" encoding="UTF-8"?>
<!-- Generated by org.testng.reporters.JUnitReportReporter -->
<testsuite hostname="LAPTOP-8SEKENFG" failures="0" tests="1" name="readdata.UnitTestCase" time="0.301" errors="0" timestamp="2024-11-12T17:29:06 IST" skipped="0">
  <testcase classname="readdata.UnitTestCase" name="ProjectCheckTest" time="0.301"/>
</testsuite> <!-- readdata.UnitTestCase -->
