<?xml version="1.0" encoding="UTF-8"?>
<!-- Generated by org.testng.reporters.JUnitReportReporter -->
<testsuite hostname="LAPTOP-8SEKENFG" failures="0" tests="2" name="com.crm.comcast.contacttest.CreateContactTest" time="0.017" errors="0" timestamp="2024-11-26T15:41:49 IST" skipped="0">
  <testcase classname="com.crm.comcast.contacttest.CreateContactTest" name="createContactWithDate" time="0.008"/>
  <testcase classname="com.crm.comcast.contacttest.CreateContactTest" name="createContactTest" time="0.009"/>
</testsuite> <!-- com.crm.comcast.contacttest.CreateContactTest -->
