<?xml version="1.0" encoding="UTF-8"?>
<!-- Generated by org.testng.reporters.JUnitReportReporter -->
<testsuite hostname="LAPTOP-8SEKENFG" failures="0" tests="3" name="PracticePriority" time="0.014" errors="0" timestamp="2024-11-25T12:44:18 IST" skipped="0">
  <testcase classname="PracticePriority" name="createcontact" time="0.010"/>
  <testcase classname="PracticePriority" name="modifycontact" time="0.002"/>
  <testcase classname="PracticePriority" name="deletecontact" time="0.002"/>
</testsuite> <!-- PracticePriority -->
