<?xml version="1.0" encoding="UTF-8"?>
<!-- Generated by org.testng.reporters.JUnitReportReporter -->
<testsuite hostname="LAPTOP-8SEKENFG" failures="0" tests="1" name="readdata.SampleTestWithPom" time="5.253" errors="0" timestamp="2024-11-21T15:21:21 IST" skipped="0">
  <testcase classname="readdata.SampleTestWithPom" name="sampleTest" time="5.253"/>
</testsuite> <!-- readdata.SampleTestWithPom -->
